#
# There is insufficient memory for the Java Runtime Environment to continue.
# Native memory allocation (mmap) failed to map 65011712 bytes for G1 virtual space
# Possible reasons:
#   The system is out of physical RAM or swap space
#   The process is running with CompressedOops enabled, and the Java Heap may be blocking the growth of the native heap
# Possible solutions:
#   Reduce memory load on the system
#   Increase physical memory or swap space
#   Check if swap backing store is full
#   Decrease Java heap size (-Xmx/-Xms)
#   Decrease number of Java threads
#   Decrease Java thread stack sizes (-Xss)
#   Set larger code cache with -XX:ReservedCodeCacheSize=
#   JVM is running with Unscaled Compressed Oops mode in which the Java heap is
#     placed in the first 4GB address space. The Java Heap base address is the
#     maximum limit for the native heap growth. Please use -XX:HeapBaseMinAddress
#     to set the Java Heap base and to place the Java Heap above 4GB virtual address.
# This output file may be truncated or incomplete.
#
#  Out of Memory Error (os_windows.cpp:3466), pid=13580, tid=960
#
# JRE version:  (16.0.2+7) (build )
# Java VM: Java HotSpot(TM) 64-Bit Server VM (16.0.2+7-67, mixed mode, sharing, tiered, compressed oops, compressed class ptrs, g1 gc, windows-amd64)
# No core dump will be written. Minidumps are not enabled by default on client versions of Windows
#

---------------  S U M M A R Y ------------

Command Line: -Dcom.sun.management.jmxremote -Dcom.sun.management.jmxremote.port=53796 -Dcom.sun.management.jmxremote.authenticate=false -Dcom.sun.management.jmxremote.ssl=false -Djava.rmi.server.hostname=localhost -Dspring.jmx.enabled=true -Dspring.application.admin.enabled=true -XX:TieredStopAtLevel=1 -Dspring.boot.project.name=springboot-1 -Dfile.encoding=UTF-8 -XX:+ShowCodeDetailsInExceptionMessages com.example.demo.SpringbootApplication

Host: Intel(R) Core(TM) i5-7200U CPU @ 2.50GHz, 4 cores, 3G,  Windows 10 , 64 bit Build 19041 (10.0.19041.1566)
Time: Tue Apr 12 00:14:17 2022 India Standard Time elapsed time: 3.100316 seconds (0d 0h 0m 3s)

---------------  T H R E A D  ---------------

Current thread (0x000001e70eeb8270):  JavaThread "Unknown thread" [_thread_in_vm, id=960, stack(0x0000004302300000,0x0000004302400000)]

Stack: [0x0000004302300000,0x0000004302400000]
Native frames: (J=compiled Java code, j=interpreted, Vv=VM code, C=native code)
V  [jvm.dll+0x6681ca]
V  [jvm.dll+0x7c9e69]
V  [jvm.dll+0x7cb61e]
V  [jvm.dll+0x7cbc73]
V  [jvm.dll+0x242c55]
V  [jvm.dll+0x664f89]
V  [jvm.dll+0x659b75]
V  [jvm.dll+0x2fbfbb]
V  [jvm.dll+0x3031b6]
V  [jvm.dll+0x35299e]
V  [jvm.dll+0x352bcf]
V  [jvm.dll+0x2d3028]
V  [jvm.dll+0x2d4264]
V  [jvm.dll+0x79c741]
V  [jvm.dll+0x360791]
V  [jvm.dll+0x77a3f0]
V  [jvm.dll+0x3e4e8f]
V  [jvm.dll+0x3e6961]
C  [jli.dll+0x52fb]
C  [ucrtbase.dll+0x21bb2]
C  [KERNEL32.DLL+0x17034]
C  [ntdll.dll+0x52651]


---------------  P R O C E S S  ---------------

Threads class SMR info:
_java_thread_list=0x00007ff9f62dcbb8, length=0, elements={
}

Java Threads: ( => current thread )

Other Threads:
  0x000001e70eee5130 GCTaskThread "GC Thread#0" [stack: 0x0000004302400000,0x0000004302500000] [id=7112]
  0x000001e70eef0540 ConcurrentGCThread "G1 Main Marker" [stack: 0x0000004302500000,0x0000004302600000] [id=4196]
  0x000001e70eef0f40 ConcurrentGCThread "G1 Conc#0" [stack: 0x0000004302600000,0x0000004302700000] [id=4052]

[error occurred during error reporting (printing all threads), id 0xc0000005, EXCEPTION_ACCESS_VIOLATION (0xc0000005) at pc=0x00007ff9f5ab3ee7]

VM state: not at safepoint (not fully initialized)

VM Mutex/Monitor currently owned by a thread:  ([mutex/lock_event])
[0x000001e70eeb40a0] Heap_lock - owner thread: 0x000001e70eeb8270

Heap address: 0x00000000c2000000, size: 992 MB, Compressed Oops mode: 32-bit

CDS archive(s) mapped at: [0x0000000000000000-0x0000000000000000-0x0000000000000000), size 0, SharedBaseAddress: 0x0000000800000000, ArchiveRelocationMode: 0.
Narrow klass base: 0x0000000000000000, Narrow klass shift: 0, Narrow klass range: 0x0

GC Precious Log:
<Empty>

Heap:
 garbage-first heap   total 0K, used 0K [0x00000000c2000000, 0x0000000100000000)
  region size 1024K, 0 young (0K), 0 survivors (0K)

[error occurred during error reporting (printing heap information), id 0xc0000005, EXCEPTION_ACCESS_VIOLATION (0xc0000005) at pc=0x00007ff9f5e91eed]

GC Heap History (0 events):
No events

Deoptimization events (0 events):
No events

Classes unloaded (0 events):
No events

Classes redefined (0 events):
No events

Internal exceptions (0 events):
No events

Events (1 events):
Event: 0.935 Loaded shared library C:\Program Files\Java\jdk-16.0.2\bin\java.dll


Dynamic libraries:
0x00007ff79a020000 - 0x00007ff79a030000 	C:\Program Files\Java\jdk-16.0.2\bin\javaw.exe
0x00007ffa3e1b0000 - 0x00007ffa3e3a5000 	C:\WINDOWS\SYSTEM32\ntdll.dll
0x00007ffa3df70000 - 0x00007ffa3e02e000 	C:\WINDOWS\System32\KERNEL32.DLL
0x00007ffa3bec0000 - 0x00007ffa3c188000 	C:\WINDOWS\System32\KERNELBASE.dll
0x00007ffa3bc00000 - 0x00007ffa3bd00000 	C:\WINDOWS\System32\ucrtbase.dll
0x00007ffa30840000 - 0x00007ffa30859000 	C:\Program Files\Java\jdk-16.0.2\bin\VCRUNTIME140.dll
0x00007ffa2f310000 - 0x00007ffa2f328000 	C:\Program Files\Java\jdk-16.0.2\bin\jli.dll
0x00007ffa3e030000 - 0x00007ffa3e0de000 	C:\WINDOWS\System32\ADVAPI32.dll
0x00007ffa3d9c0000 - 0x00007ffa3da5e000 	C:\WINDOWS\System32\msvcrt.dll
0x00007ffa3d7f0000 - 0x00007ffa3d88c000 	C:\WINDOWS\System32\sechost.dll
0x00007ffa3dc30000 - 0x00007ffa3dd55000 	C:\WINDOWS\System32\RPCRT4.dll
0x00007ffa3d650000 - 0x00007ffa3d7f0000 	C:\WINDOWS\System32\USER32.dll
0x00007ffa3c1e0000 - 0x00007ffa3c202000 	C:\WINDOWS\System32\win32u.dll
0x00007ffa24af0000 - 0x00007ffa24d8a000 	C:\WINDOWS\WinSxS\amd64_microsoft.windows.common-controls_6595b64144ccf1df_6.0.19041.1110_none_60b5254171f9507e\COMCTL32.dll
0x00007ffa3daf0000 - 0x00007ffa3db1b000 	C:\WINDOWS\System32\GDI32.dll
0x00007ffa3bd00000 - 0x00007ffa3be0b000 	C:\WINDOWS\System32\gdi32full.dll
0x00007ffa3b960000 - 0x00007ffa3b9fd000 	C:\WINDOWS\System32\msvcp_win.dll
0x00007ffa36010000 - 0x00007ffa3601a000 	C:\WINDOWS\SYSTEM32\VERSION.dll
0x00007ffa3dd60000 - 0x00007ffa3dd90000 	C:\WINDOWS\System32\IMM32.DLL
0x00007ffa2e650000 - 0x00007ffa2e65c000 	C:\Program Files\Java\jdk-16.0.2\bin\vcruntime140_1.dll
0x00007ffa011e0000 - 0x00007ffa01271000 	C:\Program Files\Java\jdk-16.0.2\bin\msvcp140.dll
0x00007ff9f57d0000 - 0x00007ff9f637b000 	C:\Program Files\Java\jdk-16.0.2\bin\server\jvm.dll
0x00007ffa3db20000 - 0x00007ffa3db28000 	C:\WINDOWS\System32\PSAPI.DLL
0x00007ffa237a0000 - 0x00007ffa237c7000 	C:\WINDOWS\SYSTEM32\WINMM.dll
0x00007ffa371f0000 - 0x00007ffa371f9000 	C:\WINDOWS\SYSTEM32\WSOCK32.dll
0x00007ffa3e0e0000 - 0x00007ffa3e14b000 	C:\WINDOWS\System32\WS2_32.dll
0x00007ffa397e0000 - 0x00007ffa397f2000 	C:\WINDOWS\SYSTEM32\kernel.appcore.dll
0x00007ffa2a4d0000 - 0x00007ffa2a4da000 	C:\Program Files\Java\jdk-16.0.2\bin\jimage.dll
0x00007ffa1aea0000 - 0x00007ffa1b084000 	C:\WINDOWS\SYSTEM32\DBGHELP.DLL
0x00007ffa1ae70000 - 0x00007ffa1ae9c000 	C:\WINDOWS\SYSTEM32\dbgcore.DLL
0x00007ffa3b8d0000 - 0x00007ffa3b952000 	C:\WINDOWS\System32\bcryptPrimitives.dll
0x00007ffa13380000 - 0x00007ffa133a5000 	C:\Program Files\Java\jdk-16.0.2\bin\java.dll

dbghelp: loaded successfully - version: 4.0.5 - missing functions: none
symbol engine: initialized successfully - sym options: 0x614 - pdb path: .;C:\Program Files\Java\jdk-16.0.2\bin;C:\WINDOWS\SYSTEM32;C:\WINDOWS\WinSxS\amd64_microsoft.windows.common-controls_6595b64144ccf1df_6.0.19041.1110_none_60b5254171f9507e;C:\Program Files\Java\jdk-16.0.2\bin\server

VM Arguments:
jvm_args: -Dcom.sun.management.jmxremote -Dcom.sun.management.jmxremote.port=53796 -Dcom.sun.management.jmxremote.authenticate=false -Dcom.sun.management.jmxremote.ssl=false -Djava.rmi.server.hostname=localhost -Dspring.jmx.enabled=true -Dspring.application.admin.enabled=true -XX:TieredStopAtLevel=1 -Dspring.boot.project.name=springboot-1 -Dfile.encoding=UTF-8 -XX:+ShowCodeDetailsInExceptionMessages 
java_command: com.example.demo.SpringbootApplication
java_class_path (initial): E:\11111\Jsp\springboot-1\target\classes;C:\Users\ykuld\.m2\repository\org\springframework\boot\spring-boot-starter-data-jpa\2.6.3\spring-boot-starter-data-jpa-2.6.3.jar;C:\Users\ykuld\.m2\repository\org\springframework\boot\spring-boot-starter-aop\2.6.3\spring-boot-starter-aop-2.6.3.jar;C:\Users\ykuld\.m2\repository\org\springframework\spring-aop\5.3.15\spring-aop-5.3.15.jar;C:\Users\ykuld\.m2\repository\org\aspectj\aspectjweaver\1.9.7\aspectjweaver-1.9.7.jar;C:\Users\ykuld\.m2\repository\org\springframework\boot\spring-boot-starter-jdbc\2.6.3\spring-boot-starter-jdbc-2.6.3.jar;C:\Users\ykuld\.m2\repository\com\zaxxer\HikariCP\4.0.3\HikariCP-4.0.3.jar;C:\Users\ykuld\.m2\repository\org\springframework\spring-jdbc\5.3.15\spring-jdbc-5.3.15.jar;C:\Users\ykuld\.m2\repository\jakarta\transaction\jakarta.transaction-api\1.3.3\jakarta.transaction-api-1.3.3.jar;C:\Users\ykuld\.m2\repository\jakarta\persistence\jakarta.persistence-api\2.2.3\jakarta.persistence-api-2.2.3.jar;C:\Users\ykuld\.m2\repository\org\hibernate\hibernate-core\5.6.4.Final\hibernate-core-5.6.4.Final.jar;C:\Users\ykuld\.m2\repository\org\jboss\logging\jboss-logging\3.4.3.Final\jboss-logging-3.4.3.Final.jar;C:\Users\ykuld\.m2\repository\net\bytebuddy\byte-buddy\1.11.22\byte-buddy-1.11.22.jar;C:\Users\ykuld\.m2\repository\antlr\antlr\2.7.7\antlr-2.7.7.jar;C:\Users\ykuld\.m2\repository\org\jboss\jandex\2.4.2.Final\jandex-2.4.2.Final.jar;C:\Users\ykuld\.m2\repository\com\fasterxml\classmate\1.5.1\classmate-1.5.1.jar;C:\Users\ykuld\.m2\repository\org\hibernate\common\hibernate-commons-annotations\5.1.2.Final\hibernate-commons-annotations-5.1.2.Final.jar;C:\Users\ykuld\.m2\repository\org\glassfish\jaxb\jaxb-runtime\2.3.5\jaxb-runtime-2.3.5.jar;C:\Users\ykuld\.m2\repository\org\glassfish\jaxb\txw2\2.3.5\txw2-2.3.5.jar;C:\Users\ykuld\.m2\repository\com\sun\istack\istack-commons-runtime\3.0.12\istack-commons-runtime-3.0.12.jar;C:\Users\ykuld\.m2\repository\org\springframework\data\spr
Launcher Type: SUN_STANDARD

[Global flags]
     intx CICompilerCount                          = 3                                         {product} {ergonomic}
     uint ConcGCThreads                            = 1                                         {product} {ergonomic}
     uint G1ConcRefinementThreads                  = 4                                         {product} {ergonomic}
   size_t G1HeapRegionSize                         = 1048576                                   {product} {ergonomic}
    uintx GCDrainStackTargetSize                   = 64                                        {product} {ergonomic}
   size_t InitialHeapSize                          = 65011712                                  {product} {ergonomic}
     bool ManagementServer                         = true                                      {product} {command line}
   size_t MarkStackSize                            = 4194304                                   {product} {ergonomic}
   size_t MaxHeapSize                              = 1040187392                                {product} {ergonomic}
   size_t MinHeapDeltaBytes                        = 1048576                                   {product} {ergonomic}
   size_t MinHeapSize                              = 8388608                                   {product} {ergonomic}
    uintx NonNMethodCodeHeapSize                   = 6973028                                {pd product} {ergonomic}
    uintx NonProfiledCodeHeapSize                  = 244685212                              {pd product} {ergonomic}
    uintx ProfiledCodeHeapSize                     = 0                                      {pd product} {ergonomic}
    uintx ReservedCodeCacheSize                    = 251658240                              {pd product} {ergonomic}
     bool SegmentedCodeCache                       = true                                      {product} {ergonomic}
     bool ShowCodeDetailsInExceptionMessages       = true                                   {manageable} {command line}
   size_t SoftMaxHeapSize                          = 1040187392                             {manageable} {ergonomic}
     intx TieredStopAtLevel                        = 1                                         {product} {command line}
     bool UseCompressedClassPointers               = true                           {product lp64_product} {ergonomic}
     bool UseCompressedOops                        = true                           {product lp64_product} {ergonomic}
     bool UseG1GC                                  = true                                      {product} {ergonomic}
     bool UseLargePagesIndividualAllocation        = false                                  {pd product} {ergonomic}

Logging:
Log output configuration:
 #0: stdout all=warning uptime,level,tags
 #1: stderr all=off uptime,level,tags

Environment Variables:
JAVA_HOME=C:\Program Files\Java\jdk-16.0.2
PATH=C:\Python310\Scripts\;C:\Python310\;C:\app\ykuld\product\18.0.0\dbhomeXE\bin;C:\Program Files\Common Files\Oracle\Java\javapath;C:\Program Files (x86)\Intel\iCLS Client\;C:\Program Files\Intel\iCLS Client\;C:\Windows\system32;C:\Windows;C:\Windows\System32\Wbem;C:\Windows\System32\WindowsPowerShell\v1.0\;C:\Program Files (x86)\Intel\Intel(R) Management Engine Components\DAL;C:\Program Files\Intel\Intel(R) Management Engine Components\DAL;C:\Program Files (x86)\Intel\Intel(R) Management Engine Components\IPT;C:\Program Files\Intel\Intel(R) Management Engine Components\IPT;C:\Program Files (x86)\NVIDIA Corporation\PhysX\Common;C:\WINDOWS\system32;C:\WINDOWS;C:\WINDOWS\System32\Wbem;C:\WINDOWS\System32\WindowsPowerShell\v1.0\;C:\WINDOWS\System32\OpenSSH\;C:\Program Files\apache-maven-3.8.1\bin;C:\Program Files\Git\cmd;C:\Program Files\nodejs\;C:\ProgramData\chocolatey\bin;C:\Users\ykuld\AppData\Local\Microsoft\WindowsApps;;C:\Users\ykuld\AppData\Local\Programs\Microsoft VS Code\bin;C:\Users\ykuld\AppData\Roaming\npm
USERNAME=ykuld
OS=Windows_NT
PROCESSOR_IDENTIFIER=Intel64 Family 6 Model 142 Stepping 9, GenuineIntel



---------------  S Y S T E M  ---------------

OS:
 Windows 10 , 64 bit Build 19041 (10.0.19041.1566)
OS uptime: 21 days 14:11 hours

CPU: total 4 (initial active 4) (2 cores per cpu, 2 threads per core) family 6 model 142 stepping 9 microcode 0xb4, cx8, cmov, fxsr, ht, mmx, 3dnowpref, sse, sse2, sse3, ssse3, sse4.1, sse4.2, popcnt, lzcnt, tsc, tscinvbit, avx, avx2, aes, erms, clmul, bmi1, bmi2, adx, fma, vzeroupper, clflush, clflushopt

Memory: 4k page, system-wide physical 3964M (155M free)
TotalPageFile size 12964M (AvailPageFile size 41M)
current process WorkingSet (physical memory assigned to process): 9M, peak: 9M
current process commit charge ("private bytes"): 49M, peak: 111M

vm_info: Java HotSpot(TM) 64-Bit Server VM (16.0.2+7-67) for windows-amd64 JRE (16.0.2+7-67), built on Jun  8 2021 23:24:19 by "mach5one" with MS VC++ 16.7 (VS2019)

END.
